Running: C:\Xilinx\14.7\ISE_DS\ISE\bin\nt64\unwrapped\fuse.exe -intstyle ise -incremental -o C:/Users/GEORGE/Desktop/Procesador_3/Procesador_3/PSR_Modifier_TestBench_isim_beh.exe -prj C:/Users/GEORGE/Desktop/Procesador_3/Procesador_3/PSR_Modifier_TestBench_beh.prj work.PSR_Modifier_TestBench 
ISim P.20131013 (signature 0x7708f090)
Number of CPUs detected in this system: 4
Turning on mult-threading, number of parallel sub-compilation jobs: 8 
Determining compilation order of HDL files
Parsing VHDL file "C:/Users/GEORGE/Desktop/Procesador_3/Procesador_3/PSR_Modifier.vhd" into library work
Parsing VHDL file "C:/Users/GEORGE/Desktop/Procesador_3/Procesador_3/PSR_Modifier_TestBench.vhd" into library work
Starting static elaboration
Completed static elaboration
Compiling package standard
Compiling package std_logic_1164
Compiling package numeric_std
Compiling package std_logic_arith
Compiling package std_logic_unsigned
Compiling package textio
Compiling architecture behavioral of entity PSR_Modifier [psr_modifier_default]
Compiling architecture behavior of entity psr_modifier_testbench
Time Resolution for simulation is 1ps.
Waiting for 1 sub-compilation(s) to finish...
Compiled 9 VHDL Units
Built simulation executable C:/Users/GEORGE/Desktop/Procesador_3/Procesador_3/PSR_Modifier_TestBench_isim_beh.exe
Fuse Memory Usage: 35956 KB
Fuse CPU Usage: 1544 ms
